2020-03-04 17:04:17 INFO  Main:38 - saved data reading
2020-03-04 17:04:17 INFO  Main:43 - application start
2020-03-04 17:04:18 INFO  Controller:75 - Main controller initializing
2020-03-04 17:04:44 INFO  TaskInfoController:26 - task info window initializing
2020-03-04 17:04:44 ERROR Controller:128 - error loading task-info.fxml
2020-03-04 17:04:51 INFO  TaskInfoController:26 - task info window initializing
2020-03-04 17:04:51 ERROR Controller:128 - error loading task-info.fxml
2020-03-04 17:04:59 INFO  NewEditController:91 - new/edit window initializing
2020-03-16 16:19:04 INFO  Main:38 - saved data reading
2020-03-16 16:19:05 INFO  Main:43 - application start
2020-03-16 16:19:05 INFO  Controller:75 - Main controller initializing
2020-03-16 16:19:09 INFO  NewEditController:91 - new/edit window initializing
2020-03-16 16:19:31 INFO  NewEditController:91 - new/edit window initializing
2020-03-16 16:20:43 INFO  TaskInfoController:26 - task info window initializing
2020-03-16 16:21:16 INFO  NewEditController:91 - new/edit window initializing
2020-03-16 16:21:29 INFO  NewEditController:91 - new/edit window initializing
2020-03-16 16:21:35 INFO  NewEditController:91 - new/edit window initializing
2020-03-16 16:21:43 INFO  NewEditController:91 - new/edit window initializing
2020-03-16 16:21:52 INFO  NewEditController:91 - new/edit window initializing
2020-03-16 16:22:10 INFO  TaskInfoController:26 - task info window initializing
2020-03-16 16:22:10 ERROR Controller:128 - error loading task-info.fxml
2020-03-16 16:22:15 INFO  NewEditController:91 - new/edit window initializing
2020-03-16 16:23:07 INFO  TaskInfoController:26 - task info window initializing
2020-03-16 16:23:07 ERROR Controller:128 - error loading task-info.fxml
2020-03-16 16:36:46 INFO  Main:38 - saved data reading
2020-03-16 16:36:46 INFO  Main:43 - application start
2020-03-16 16:36:47 INFO  Controller:75 - Main controller initializing
2020-03-16 16:36:52 INFO  NewEditController:91 - new/edit window initializing
2020-03-16 16:38:40 INFO  Main:38 - saved data reading
2020-03-16 16:38:40 INFO  Main:43 - application start
2020-03-16 16:38:41 INFO  Controller:75 - Main controller initializing
2020-03-16 16:39:35 INFO  Main:38 - saved data reading
2020-03-16 16:39:35 INFO  Main:43 - application start
2020-03-16 16:39:36 INFO  Controller:75 - Main controller initializing
2020-03-16 16:42:30 INFO  NewEditController:91 - new/edit window initializing
2020-03-16 16:45:29 INFO  Main:38 - saved data reading
2020-03-16 16:45:29 INFO  Main:43 - application start
2020-03-16 16:45:29 INFO  Controller:75 - Main controller initializing
2020-03-16 16:52:34 INFO  NewEditController:91 - new/edit window initializing
2020-03-16 17:01:48 INFO  Main:38 - saved data reading
2020-03-16 17:01:48 INFO  Main:43 - application start
2020-03-16 17:01:49 INFO  Controller:75 - Main controller initializing
2020-03-16 17:02:25 INFO  NewEditController:93 - new/edit window initializing
2020-03-16 17:07:37 INFO  Main:38 - saved data reading
2020-03-16 17:07:37 INFO  Main:43 - application start
2020-03-16 17:07:38 INFO  Controller:75 - Main controller initializing
2020-03-16 17:07:43 INFO  NewEditController:99 - new/edit window initializing
2020-03-16 17:07:51 INFO  NewEditController:99 - new/edit window initializing
2020-03-16 17:12:11 INFO  TaskInfoController:26 - task info window initializing
2020-03-16 17:12:11 ERROR Controller:129 - error loading task-info.fxml
2020-03-16 17:12:13 INFO  TaskInfoController:26 - task info window initializing
2020-03-16 17:12:19 INFO  TaskInfoController:26 - task info window initializing
2020-03-16 17:13:01 INFO  TaskInfoController:26 - task info window initializing
2020-03-16 17:13:01 ERROR Controller:129 - error loading task-info.fxml
2020-03-16 17:17:37 INFO  Main:38 - saved data reading
2020-03-16 17:17:37 INFO  Main:43 - application start
2020-03-16 17:17:38 INFO  Controller:75 - Main controller initializing
2020-03-16 17:22:27 INFO  NewEditController:99 - new/edit window initializing
2020-03-16 17:22:54 INFO  Main:38 - saved data reading
2020-03-16 17:22:55 INFO  Main:43 - application start
2020-03-16 17:22:55 INFO  Controller:75 - Main controller initializing
2020-03-16 17:23:14 INFO  NewEditController:99 - new/edit window initializing
2020-03-16 17:26:26 INFO  Main:38 - saved data reading
2020-03-16 17:26:26 INFO  Main:43 - application start
2020-03-16 17:26:27 INFO  Controller:75 - Main controller initializing
2020-03-18 12:11:14 INFO  Main:38 - saved data reading
2020-03-18 12:11:14 INFO  Main:43 - application start
2020-03-18 12:11:15 INFO  Controller:75 - Main controller initializing
2020-03-18 12:11:22 INFO  NewEditController:98 - new/edit window initializing
2020-03-18 12:14:55 INFO  Main:38 - saved data reading
2020-03-18 12:14:55 INFO  Main:43 - application start
2020-03-18 12:14:55 INFO  Controller:75 - Main controller initializing
2020-03-18 12:15:08 INFO  Main:38 - saved data reading
2020-03-18 12:15:08 INFO  Main:43 - application start
2020-03-18 12:15:09 INFO  Controller:75 - Main controller initializing
2020-03-18 12:17:45 INFO  Main:38 - saved data reading
2020-03-18 12:17:45 INFO  Main:43 - application start
2020-03-18 12:17:45 INFO  Controller:75 - Main controller initializing
2020-03-18 12:17:53 INFO  NewEditController:98 - new/edit window initializing
2020-03-18 12:18:25 INFO  Main:38 - saved data reading
2020-03-18 12:18:25 INFO  Main:43 - application start
2020-03-18 12:18:26 INFO  Controller:75 - Main controller initializing
2020-03-18 12:19:30 INFO  Main:38 - saved data reading
2020-03-18 12:19:30 INFO  Main:43 - application start
2020-03-18 12:19:30 INFO  Controller:75 - Main controller initializing
2020-03-18 12:19:43 INFO  Notificator:59 - push notification showing
2020-03-18 12:32:38 INFO  Main:38 - saved data reading
2020-03-18 12:32:38 INFO  Main:43 - application start
2020-03-18 12:32:39 INFO  Controller:75 - Main controller initializing
2020-03-18 12:32:44 INFO  NewEditController:98 - new/edit window initializing
2020-03-18 12:34:57 INFO  Main:38 - saved data reading
2020-03-18 12:34:57 INFO  Main:43 - application start
2020-03-18 12:34:57 INFO  Controller:75 - Main controller initializing
2020-03-18 12:35:02 INFO  NewEditController:98 - new/edit window initializing
2020-03-18 12:35:04 INFO  NewEditController:98 - new/edit window initializing
2020-03-18 12:35:33 INFO  Main:38 - saved data reading
2020-03-18 12:35:33 INFO  Main:43 - application start
2020-03-18 12:35:33 INFO  Controller:75 - Main controller initializing
2020-03-18 12:35:36 INFO  NewEditController:98 - new/edit window initializing
2020-03-18 12:36:11 INFO  NewEditController:98 - new/edit window initializing
2020-03-18 12:36:28 INFO  Main:38 - saved data reading
2020-03-18 12:36:28 INFO  Main:43 - application start
2020-03-18 12:36:28 INFO  Controller:75 - Main controller initializing
2020-03-18 12:38:07 INFO  Main:38 - saved data reading
2020-03-18 12:38:07 INFO  Main:43 - application start
2020-03-18 12:38:08 INFO  Controller:76 - Main controller initializing
2020-03-18 12:38:12 INFO  NewEditController:98 - new/edit window initializing
2020-03-18 12:38:49 INFO  TaskInfoController:26 - task info window initializing
2020-03-18 12:38:49 ERROR Controller:135 - error loading task-info.fxml
2020-03-18 12:38:51 INFO  TaskInfoController:26 - task info window initializing
2020-03-18 12:39:40 INFO  Main:38 - saved data reading
2020-03-18 12:39:57 INFO  Main:43 - application start
2020-03-18 12:40:06 INFO  Controller:76 - Main controller initializing
2020-03-18 12:40:16 INFO  Main:38 - saved data reading
2020-03-18 12:40:16 INFO  Main:43 - application start
2020-03-18 12:40:17 INFO  Controller:76 - Main controller initializing
2020-03-18 12:40:21 INFO  NewEditController:98 - new/edit window initializing
2020-03-18 12:40:24 INFO  NewEditController:98 - new/edit window initializing
2020-03-18 12:40:26 INFO  NewEditController:98 - new/edit window initializing
2020-03-18 12:40:28 INFO  NewEditController:98 - new/edit window initializing
2020-03-18 12:40:30 INFO  NewEditController:98 - new/edit window initializing
2020-03-18 12:40:31 INFO  NewEditController:98 - new/edit window initializing
2020-03-18 12:40:34 INFO  NewEditController:98 - new/edit window initializing
2020-03-18 12:40:36 INFO  NewEditController:98 - new/edit window initializing
2020-03-18 12:40:37 INFO  NewEditController:98 - new/edit window initializing
2020-03-18 12:48:46 INFO  Main:36 - saved data reading
2020-03-18 12:48:46 INFO  Main:42 - application start
2020-03-18 12:48:47 INFO  Controller:76 - Main controller initializing
2020-03-29 19:08:44 INFO  Main:36 - saved data reading
2020-03-29 19:08:44 INFO  Main:42 - application start
2020-03-29 19:08:44 INFO  Controller:76 - Main controller initializing
2020-03-29 19:08:49 INFO  NewEditController:98 - new/edit window initializing
2020-03-29 19:11:30 INFO  Main:36 - saved data reading
2020-03-29 19:11:30 INFO  Main:42 - application start
2020-03-29 19:11:31 INFO  Controller:76 - Main controller initializing
2020-03-29 19:11:34 INFO  NewEditController:98 - new/edit window initializing
2020-04-09 17:58:03 INFO  Main:36 - saved data reading
2020-04-09 17:58:03 INFO  Main:42 - application start
2020-04-09 17:58:03 INFO  Controller:76 - Main controller initializing
2020-04-09 17:58:41 INFO  NewEditController:98 - new/edit window initializing
2020-04-09 17:58:50 INFO  NewEditController:98 - new/edit window initializing
2020-04-09 17:59:03 INFO  NewEditController:98 - new/edit window initializing
2020-04-09 17:59:41 INFO  NewEditController:98 - new/edit window initializing
2020-04-09 18:00:19 INFO  TasksOperations:18 - Thu Apr 09 10:00:00 EEST 2020
2020-04-09 18:00:19 INFO  TasksOperations:19 - Thu Apr 09 10:50:00 EEST 2020
2020-04-09 18:02:49 INFO  TaskInfoController:26 - task info window initializing
2020-04-09 18:12:56 INFO  Main:36 - saved data reading
2020-04-09 18:12:56 INFO  Main:42 - application start
2020-04-09 18:12:57 INFO  Controller:76 - Main controller initializing
2020-04-09 18:13:11 INFO  TasksOperations:18 - Thu Apr 09 10:00:00 EEST 2020
2020-04-09 18:13:11 INFO  TasksOperations:19 - Thu Apr 09 09:00:00 EEST 2020
2020-04-09 18:42:51 INFO  Main:36 - saved data reading
2020-04-09 18:42:51 INFO  Main:42 - application start
2020-04-09 18:42:51 INFO  Controller:76 - Main controller initializing
2020-04-09 18:43:25 INFO  TasksOperations:18 - Wed Apr 08 10:15:00 EEST 2020
2020-04-09 18:43:25 INFO  TasksOperations:19 - Thu Apr 09 02:00:00 EEST 2020
2020-04-09 18:45:38 INFO  Main:36 - saved data reading
2020-04-09 18:45:38 INFO  Main:42 - application start
2020-04-09 18:45:38 INFO  Controller:76 - Main controller initializing
2020-04-09 18:46:05 INFO  TasksOperations:18 - Wed Apr 08 10:15:00 EEST 2020
2020-04-09 18:46:05 INFO  TasksOperations:19 - Wed Apr 08 22:00:00 EEST 2020
2020-04-09 18:53:39 INFO  TasksOperations:26 - t3
2020-04-09 18:53:50 INFO  TasksOperations:18 - Wed Apr 08 10:15:00 EEST 2020
2020-04-09 18:53:50 INFO  TasksOperations:19 - Wed Apr 08 10:20:00 EEST 2020
2020-04-09 18:53:52 INFO  TasksOperations:26 - t3
2020-04-09 18:53:52 INFO  TasksOperations:26 - t3
2020-04-09 18:54:01 INFO  TasksOperations:18 - Wed Apr 08 10:15:00 EEST 2020
2020-04-09 18:54:01 INFO  TasksOperations:19 - Wed Apr 08 10:20:00 EEST 2020
2020-04-09 18:54:03 INFO  TasksOperations:26 - t3
2020-04-09 18:54:03 INFO  TasksOperations:26 - t3
2020-04-09 18:54:03 INFO  TasksOperations:26 - t3
2020-04-09 18:54:08 INFO  TasksOperations:18 - Wed Apr 08 10:15:00 EEST 2020
2020-04-09 18:54:08 INFO  TasksOperations:19 - Wed Apr 08 10:20:00 EEST 2020
2020-04-09 18:54:10 INFO  TasksOperations:26 - t3
2020-04-09 18:54:10 INFO  TasksOperations:26 - t3
2020-04-09 18:54:10 INFO  TasksOperations:26 - t3
2020-04-09 18:54:10 INFO  TasksOperations:26 - t3
2020-04-09 18:58:18 INFO  TasksOperations:18 - Wed Apr 08 10:15:00 EEST 2020
2020-04-09 18:58:18 INFO  TasksOperations:19 - Wed Apr 08 10:20:00 EEST 2020
2020-04-09 18:58:22 INFO  TasksOperations:26 - t3
2020-04-09 18:58:22 INFO  TasksOperations:26 - t3
2020-04-09 18:58:22 INFO  TasksOperations:26 - t3
2020-04-09 18:58:22 INFO  TasksOperations:26 - t3
2020-04-09 18:58:22 INFO  TasksOperations:26 - t3
2020-04-09 19:00:39 INFO  Main:36 - saved data reading
2020-04-09 19:00:39 INFO  Main:42 - application start
2020-04-09 19:00:40 INFO  Controller:76 - Main controller initializing
2020-04-09 19:00:55 INFO  TasksOperations:18 - Wed Apr 08 10:15:00 EEST 2020
2020-04-09 19:00:55 INFO  TasksOperations:19 - Wed Apr 08 10:20:00 EEST 2020
2020-04-09 19:00:59 INFO  TasksOperations:18 - Wed Apr 08 10:15:00 EEST 2020
2020-04-09 19:00:59 INFO  TasksOperations:19 - Wed Apr 08 10:44:00 EEST 2020
2020-04-09 19:00:59 INFO  TasksOperations:26 - t3
2020-04-09 19:00:59 INFO  TasksOperations:26 - t3
2020-04-09 19:01:02 INFO  TasksOperations:18 - Wed Apr 08 10:15:00 EEST 2020
2020-04-09 19:01:02 INFO  TasksOperations:19 - Wed Apr 08 10:44:00 EEST 2020
2020-04-09 19:01:02 INFO  TasksOperations:26 - t3
2020-04-09 19:01:02 INFO  TasksOperations:26 - t3
2020-04-09 19:01:02 INFO  TasksOperations:26 - t3
2020-04-09 19:01:02 INFO  TasksOperations:18 - Wed Apr 08 10:15:00 EEST 2020
2020-04-09 19:01:02 INFO  TasksOperations:19 - Wed Apr 08 10:44:00 EEST 2020
2020-04-09 19:01:02 INFO  TasksOperations:26 - t3
2020-04-09 19:01:02 INFO  TasksOperations:26 - t3
2020-04-09 19:01:02 INFO  TasksOperations:26 - t3
2020-04-09 19:01:02 INFO  TasksOperations:26 - t3
2020-04-09 19:01:03 INFO  TasksOperations:18 - Wed Apr 08 10:15:00 EEST 2020
2020-04-09 19:01:03 INFO  TasksOperations:19 - Wed Apr 08 10:44:00 EEST 2020
2020-04-09 19:01:03 INFO  TasksOperations:26 - t3
2020-04-09 19:01:03 INFO  TasksOperations:26 - t3
2020-04-09 19:01:03 INFO  TasksOperations:26 - t3
2020-04-09 19:01:03 INFO  TasksOperations:26 - t3
2020-04-09 19:01:03 INFO  TasksOperations:26 - t3
2020-04-09 19:01:03 INFO  TasksOperations:18 - Wed Apr 08 10:15:00 EEST 2020
2020-04-09 19:01:03 INFO  TasksOperations:19 - Wed Apr 08 10:44:00 EEST 2020
2020-04-09 19:01:03 INFO  TasksOperations:26 - t3
2020-04-09 19:01:03 INFO  TasksOperations:26 - t3
2020-04-09 19:01:03 INFO  TasksOperations:26 - t3
2020-04-09 19:01:03 INFO  TasksOperations:26 - t3
2020-04-09 19:01:03 INFO  TasksOperations:26 - t3
2020-04-09 19:01:03 INFO  TasksOperations:26 - t3
2020-04-09 19:01:03 INFO  TasksOperations:18 - Wed Apr 08 10:15:00 EEST 2020
2020-04-09 19:01:03 INFO  TasksOperations:19 - Wed Apr 08 10:44:00 EEST 2020
2020-04-09 19:01:03 INFO  TasksOperations:26 - t3
2020-04-09 19:01:03 INFO  TasksOperations:26 - t3
2020-04-09 19:01:03 INFO  TasksOperations:26 - t3
2020-04-09 19:01:03 INFO  TasksOperations:26 - t3
2020-04-09 19:01:03 INFO  TasksOperations:26 - t3
2020-04-09 19:01:03 INFO  TasksOperations:26 - t3
2020-04-09 19:01:03 INFO  TasksOperations:26 - t3
2020-04-09 19:01:03 INFO  TasksOperations:18 - Wed Apr 08 10:15:00 EEST 2020
2020-04-09 19:01:03 INFO  TasksOperations:19 - Wed Apr 08 10:44:00 EEST 2020
2020-04-09 19:01:03 INFO  TasksOperations:26 - t3
2020-04-09 19:01:03 INFO  TasksOperations:26 - t3
2020-04-09 19:01:03 INFO  TasksOperations:26 - t3
2020-04-09 19:01:03 INFO  TasksOperations:26 - t3
2020-04-09 19:01:03 INFO  TasksOperations:26 - t3
2020-04-09 19:01:03 INFO  TasksOperations:26 - t3
2020-04-09 19:01:03 INFO  TasksOperations:26 - t3
2020-04-09 19:01:03 INFO  TasksOperations:26 - t3
2020-04-09 19:01:03 INFO  TasksOperations:18 - Wed Apr 08 10:15:00 EEST 2020
2020-04-09 19:01:03 INFO  TasksOperations:19 - Wed Apr 08 10:44:00 EEST 2020
2020-04-09 19:01:03 INFO  TasksOperations:26 - t3
2020-04-09 19:01:03 INFO  TasksOperations:26 - t3
2020-04-09 19:01:03 INFO  TasksOperations:26 - t3
2020-04-09 19:01:03 INFO  TasksOperations:26 - t3
2020-04-09 19:01:03 INFO  TasksOperations:26 - t3
2020-04-09 19:01:03 INFO  TasksOperations:26 - t3
2020-04-09 19:01:03 INFO  TasksOperations:26 - t3
2020-04-09 19:01:03 INFO  TasksOperations:26 - t3
2020-04-09 19:01:03 INFO  TasksOperations:26 - t3
2020-04-09 19:01:03 INFO  TasksOperations:18 - Wed Apr 08 10:15:00 EEST 2020
2020-04-09 19:01:03 INFO  TasksOperations:19 - Wed Apr 08 10:44:00 EEST 2020
2020-04-09 19:01:03 INFO  TasksOperations:26 - t3
2020-04-09 19:01:03 INFO  TasksOperations:26 - t3
2020-04-09 19:01:03 INFO  TasksOperations:26 - t3
2020-04-09 19:01:03 INFO  TasksOperations:26 - t3
2020-04-09 19:01:03 INFO  TasksOperations:26 - t3
2020-04-09 19:01:03 INFO  TasksOperations:26 - t3
2020-04-09 19:01:03 INFO  TasksOperations:26 - t3
2020-04-09 19:01:03 INFO  TasksOperations:26 - t3
2020-04-09 19:01:03 INFO  TasksOperations:26 - t3
2020-04-09 19:01:03 INFO  TasksOperations:26 - t3
2020-04-09 19:01:04 INFO  TasksOperations:18 - Wed Apr 08 10:15:00 EEST 2020
2020-04-09 19:01:04 INFO  TasksOperations:19 - Wed Apr 08 10:44:00 EEST 2020
2020-04-09 19:01:04 INFO  TasksOperations:26 - t3
2020-04-09 19:01:04 INFO  TasksOperations:26 - t3
2020-04-09 19:01:04 INFO  TasksOperations:26 - t3
2020-04-09 19:01:04 INFO  TasksOperations:26 - t3
2020-04-09 19:01:04 INFO  TasksOperations:26 - t3
2020-04-09 19:01:04 INFO  TasksOperations:26 - t3
2020-04-09 19:01:04 INFO  TasksOperations:26 - t3
2020-04-09 19:01:04 INFO  TasksOperations:26 - t3
2020-04-09 19:01:04 INFO  TasksOperations:26 - t3
2020-04-09 19:01:04 INFO  TasksOperations:26 - t3
2020-04-09 19:01:04 INFO  TasksOperations:26 - t3
2020-04-09 19:01:04 INFO  TasksOperations:18 - Wed Apr 08 10:15:00 EEST 2020
2020-04-09 19:01:04 INFO  TasksOperations:19 - Wed Apr 08 10:44:00 EEST 2020
2020-04-09 19:01:04 INFO  TasksOperations:26 - t3
2020-04-09 19:01:04 INFO  TasksOperations:26 - t3
2020-04-09 19:01:04 INFO  TasksOperations:26 - t3
2020-04-09 19:01:04 INFO  TasksOperations:26 - t3
2020-04-09 19:01:04 INFO  TasksOperations:26 - t3
2020-04-09 19:01:04 INFO  TasksOperations:26 - t3
2020-04-09 19:01:04 INFO  TasksOperations:26 - t3
2020-04-09 19:01:04 INFO  TasksOperations:26 - t3
2020-04-09 19:01:04 INFO  TasksOperations:26 - t3
2020-04-09 19:01:04 INFO  TasksOperations:26 - t3
2020-04-09 19:01:04 INFO  TasksOperations:26 - t3
2020-04-09 19:01:04 INFO  TasksOperations:26 - t3
2020-04-09 19:01:04 INFO  TasksOperations:18 - Wed Apr 08 10:15:00 EEST 2020
2020-04-09 19:01:04 INFO  TasksOperations:19 - Wed Apr 08 10:44:00 EEST 2020
2020-04-09 19:01:04 INFO  TasksOperations:26 - t3
2020-04-09 19:01:04 INFO  TasksOperations:26 - t3
2020-04-09 19:01:04 INFO  TasksOperations:26 - t3
2020-04-09 19:01:04 INFO  TasksOperations:26 - t3
2020-04-09 19:01:04 INFO  TasksOperations:26 - t3
2020-04-09 19:01:04 INFO  TasksOperations:26 - t3
2020-04-09 19:01:04 INFO  TasksOperations:26 - t3
2020-04-09 19:01:04 INFO  TasksOperations:26 - t3
2020-04-09 19:01:04 INFO  TasksOperations:26 - t3
2020-04-09 19:01:04 INFO  TasksOperations:26 - t3
2020-04-09 19:01:04 INFO  TasksOperations:26 - t3
2020-04-09 19:01:04 INFO  TasksOperations:26 - t3
2020-04-09 19:01:04 INFO  TasksOperations:26 - t3
2020-04-09 19:01:04 INFO  TasksOperations:18 - Wed Apr 08 10:15:00 EEST 2020
2020-04-09 19:01:04 INFO  TasksOperations:19 - Wed Apr 08 10:44:00 EEST 2020
2020-04-09 19:01:04 INFO  TasksOperations:26 - t3
2020-04-09 19:01:04 INFO  TasksOperations:26 - t3
2020-04-09 19:01:04 INFO  TasksOperations:26 - t3
2020-04-09 19:01:04 INFO  TasksOperations:26 - t3
2020-04-09 19:01:04 INFO  TasksOperations:26 - t3
2020-04-09 19:01:04 INFO  TasksOperations:26 - t3
2020-04-09 19:01:04 INFO  TasksOperations:26 - t3
2020-04-09 19:01:04 INFO  TasksOperations:26 - t3
2020-04-09 19:01:04 INFO  TasksOperations:26 - t3
2020-04-09 19:01:04 INFO  TasksOperations:26 - t3
2020-04-09 19:01:04 INFO  TasksOperations:26 - t3
2020-04-09 19:01:04 INFO  TasksOperations:26 - t3
2020-04-09 19:01:04 INFO  TasksOperations:26 - t3
2020-04-09 19:01:04 INFO  TasksOperations:26 - t3
2020-04-09 19:01:04 INFO  TasksOperations:18 - Wed Apr 08 10:15:00 EEST 2020
2020-04-09 19:01:04 INFO  TasksOperations:19 - Wed Apr 08 10:44:00 EEST 2020
2020-04-09 19:01:04 INFO  TasksOperations:26 - t3
2020-04-09 19:01:04 INFO  TasksOperations:26 - t3
2020-04-09 19:01:04 INFO  TasksOperations:26 - t3
2020-04-09 19:01:04 INFO  TasksOperations:26 - t3
2020-04-09 19:01:04 INFO  TasksOperations:26 - t3
2020-04-09 19:01:04 INFO  TasksOperations:26 - t3
2020-04-09 19:01:04 INFO  TasksOperations:26 - t3
2020-04-09 19:01:04 INFO  TasksOperations:26 - t3
2020-04-09 19:01:04 INFO  TasksOperations:26 - t3
2020-04-09 19:01:04 INFO  TasksOperations:26 - t3
2020-04-09 19:01:04 INFO  TasksOperations:26 - t3
2020-04-09 19:01:04 INFO  TasksOperations:26 - t3
2020-04-09 19:01:04 INFO  TasksOperations:26 - t3
2020-04-09 19:01:04 INFO  TasksOperations:26 - t3
2020-04-09 19:01:04 INFO  TasksOperations:26 - t3
2020-04-09 19:01:04 INFO  TasksOperations:18 - Wed Apr 08 10:15:00 EEST 2020
2020-04-09 19:01:04 INFO  TasksOperations:19 - Wed Apr 08 10:44:00 EEST 2020
2020-04-09 19:01:04 INFO  TasksOperations:26 - t3
2020-04-09 19:01:04 INFO  TasksOperations:26 - t3
2020-04-09 19:01:04 INFO  TasksOperations:26 - t3
2020-04-09 19:01:04 INFO  TasksOperations:26 - t3
2020-04-09 19:01:04 INFO  TasksOperations:26 - t3
2020-04-09 19:01:04 INFO  TasksOperations:26 - t3
2020-04-09 19:01:04 INFO  TasksOperations:26 - t3
2020-04-09 19:01:04 INFO  TasksOperations:26 - t3
2020-04-09 19:01:04 INFO  TasksOperations:26 - t3
2020-04-09 19:01:04 INFO  TasksOperations:26 - t3
2020-04-09 19:01:04 INFO  TasksOperations:26 - t3
2020-04-09 19:01:04 INFO  TasksOperations:26 - t3
2020-04-09 19:01:04 INFO  TasksOperations:26 - t3
2020-04-09 19:01:04 INFO  TasksOperations:26 - t3
2020-04-09 19:01:04 INFO  TasksOperations:26 - t3
2020-04-09 19:01:04 INFO  TasksOperations:26 - t3
2020-04-09 19:01:05 INFO  TasksOperations:18 - Wed Apr 08 10:15:00 EEST 2020
2020-04-09 19:01:05 INFO  TasksOperations:19 - Wed Apr 08 10:44:00 EEST 2020
2020-04-09 19:01:05 INFO  TasksOperations:26 - t3
2020-04-09 19:01:05 INFO  TasksOperations:26 - t3
2020-04-09 19:01:05 INFO  TasksOperations:26 - t3
2020-04-09 19:01:05 INFO  TasksOperations:26 - t3
2020-04-09 19:01:05 INFO  TasksOperations:26 - t3
2020-04-09 19:01:05 INFO  TasksOperations:26 - t3
2020-04-09 19:01:05 INFO  TasksOperations:26 - t3
2020-04-09 19:01:05 INFO  TasksOperations:26 - t3
2020-04-09 19:01:05 INFO  TasksOperations:26 - t3
2020-04-09 19:01:05 INFO  TasksOperations:26 - t3
2020-04-09 19:01:05 INFO  TasksOperations:26 - t3
2020-04-09 19:01:05 INFO  TasksOperations:26 - t3
2020-04-09 19:01:05 INFO  TasksOperations:26 - t3
2020-04-09 19:01:05 INFO  TasksOperations:26 - t3
2020-04-09 19:01:05 INFO  TasksOperations:26 - t3
2020-04-09 19:01:05 INFO  TasksOperations:26 - t3
2020-04-09 19:01:05 INFO  TasksOperations:26 - t3
2020-04-09 19:01:05 INFO  TasksOperations:18 - Wed Apr 08 10:15:00 EEST 2020
2020-04-09 19:01:05 INFO  TasksOperations:19 - Wed Apr 08 10:44:00 EEST 2020
2020-04-09 19:01:05 INFO  TasksOperations:26 - t3
2020-04-09 19:01:05 INFO  TasksOperations:26 - t3
2020-04-09 19:01:05 INFO  TasksOperations:26 - t3
2020-04-09 19:01:05 INFO  TasksOperations:26 - t3
2020-04-09 19:01:05 INFO  TasksOperations:26 - t3
2020-04-09 19:01:05 INFO  TasksOperations:26 - t3
2020-04-09 19:01:05 INFO  TasksOperations:26 - t3
2020-04-09 19:01:05 INFO  TasksOperations:26 - t3
2020-04-09 19:01:05 INFO  TasksOperations:26 - t3
2020-04-09 19:01:05 INFO  TasksOperations:26 - t3
2020-04-09 19:01:05 INFO  TasksOperations:26 - t3
2020-04-09 19:01:05 INFO  TasksOperations:26 - t3
2020-04-09 19:01:05 INFO  TasksOperations:26 - t3
2020-04-09 19:01:05 INFO  TasksOperations:26 - t3
2020-04-09 19:01:05 INFO  TasksOperations:26 - t3
2020-04-09 19:01:05 INFO  TasksOperations:26 - t3
2020-04-09 19:01:05 INFO  TasksOperations:26 - t3
2020-04-09 19:01:05 INFO  TasksOperations:26 - t3
2020-04-09 19:01:05 INFO  TasksOperations:18 - Wed Apr 08 10:15:00 EEST 2020
2020-04-09 19:01:05 INFO  TasksOperations:19 - Wed Apr 08 10:44:00 EEST 2020
2020-04-09 19:01:05 INFO  TasksOperations:26 - t3
2020-04-09 19:01:05 INFO  TasksOperations:26 - t3
2020-04-09 19:01:05 INFO  TasksOperations:26 - t3
2020-04-09 19:01:05 INFO  TasksOperations:26 - t3
2020-04-09 19:01:05 INFO  TasksOperations:26 - t3
2020-04-09 19:01:05 INFO  TasksOperations:26 - t3
2020-04-09 19:01:05 INFO  TasksOperations:26 - t3
2020-04-09 19:01:05 INFO  TasksOperations:26 - t3
2020-04-09 19:01:05 INFO  TasksOperations:26 - t3
2020-04-09 19:01:05 INFO  TasksOperations:26 - t3
2020-04-09 19:01:05 INFO  TasksOperations:26 - t3
2020-04-09 19:01:05 INFO  TasksOperations:26 - t3
2020-04-09 19:01:05 INFO  TasksOperations:26 - t3
2020-04-09 19:01:05 INFO  TasksOperations:26 - t3
2020-04-09 19:01:05 INFO  TasksOperations:26 - t3
2020-04-09 19:01:05 INFO  TasksOperations:26 - t3
2020-04-09 19:01:05 INFO  TasksOperations:26 - t3
2020-04-09 19:01:05 INFO  TasksOperations:26 - t3
2020-04-09 19:01:05 INFO  TasksOperations:26 - t3
2020-04-09 19:01:05 INFO  TasksOperations:18 - Wed Apr 08 10:15:00 EEST 2020
2020-04-09 19:01:05 INFO  TasksOperations:19 - Wed Apr 08 10:44:00 EEST 2020
2020-04-09 19:01:05 INFO  TasksOperations:26 - t3
2020-04-09 19:01:05 INFO  TasksOperations:26 - t3
2020-04-09 19:01:05 INFO  TasksOperations:26 - t3
2020-04-09 19:01:05 INFO  TasksOperations:26 - t3
2020-04-09 19:01:05 INFO  TasksOperations:26 - t3
2020-04-09 19:01:05 INFO  TasksOperations:26 - t3
2020-04-09 19:01:05 INFO  TasksOperations:26 - t3
2020-04-09 19:01:05 INFO  TasksOperations:26 - t3
2020-04-09 19:01:05 INFO  TasksOperations:26 - t3
2020-04-09 19:01:05 INFO  TasksOperations:26 - t3
2020-04-09 19:01:05 INFO  TasksOperations:26 - t3
2020-04-09 19:01:05 INFO  TasksOperations:26 - t3
2020-04-09 19:01:05 INFO  TasksOperations:26 - t3
2020-04-09 19:01:05 INFO  TasksOperations:26 - t3
2020-04-09 19:01:05 INFO  TasksOperations:26 - t3
2020-04-09 19:01:05 INFO  TasksOperations:26 - t3
2020-04-09 19:01:05 INFO  TasksOperations:26 - t3
2020-04-09 19:01:05 INFO  TasksOperations:26 - t3
2020-04-09 19:01:05 INFO  TasksOperations:26 - t3
2020-04-09 19:01:05 INFO  TasksOperations:26 - t3
2020-04-09 19:01:05 INFO  TasksOperations:18 - Wed Apr 08 10:15:00 EEST 2020
2020-04-09 19:01:05 INFO  TasksOperations:19 - Wed Apr 08 10:44:00 EEST 2020
2020-04-09 19:01:05 INFO  TasksOperations:26 - t3
2020-04-09 19:01:05 INFO  TasksOperations:26 - t3
2020-04-09 19:01:05 INFO  TasksOperations:26 - t3
2020-04-09 19:01:05 INFO  TasksOperations:26 - t3
2020-04-09 19:01:05 INFO  TasksOperations:26 - t3
2020-04-09 19:01:05 INFO  TasksOperations:26 - t3
2020-04-09 19:01:05 INFO  TasksOperations:26 - t3
2020-04-09 19:01:05 INFO  TasksOperations:26 - t3
2020-04-09 19:01:05 INFO  TasksOperations:26 - t3
2020-04-09 19:01:05 INFO  TasksOperations:26 - t3
2020-04-09 19:01:05 INFO  TasksOperations:26 - t3
2020-04-09 19:01:05 INFO  TasksOperations:26 - t3
2020-04-09 19:01:05 INFO  TasksOperations:26 - t3
2020-04-09 19:01:05 INFO  TasksOperations:26 - t3
2020-04-09 19:01:05 INFO  TasksOperations:26 - t3
2020-04-09 19:01:05 INFO  TasksOperations:26 - t3
2020-04-09 19:01:05 INFO  TasksOperations:26 - t3
2020-04-09 19:01:05 INFO  TasksOperations:26 - t3
2020-04-09 19:01:05 INFO  TasksOperations:26 - t3
2020-04-09 19:01:05 INFO  TasksOperations:26 - t3
2020-04-09 19:01:05 INFO  TasksOperations:26 - t3
2020-04-09 19:01:08 INFO  TasksOperations:18 - Wed Apr 08 10:15:00 EEST 2020
2020-04-09 19:01:08 INFO  TasksOperations:19 - Wed Apr 08 10:44:00 EEST 2020
2020-04-09 19:01:08 INFO  TasksOperations:26 - t3
2020-04-09 19:01:08 INFO  TasksOperations:26 - t3
2020-04-09 19:01:08 INFO  TasksOperations:26 - t3
2020-04-09 19:01:08 INFO  TasksOperations:26 - t3
2020-04-09 19:01:08 INFO  TasksOperations:26 - t3
2020-04-09 19:01:08 INFO  TasksOperations:26 - t3
2020-04-09 19:01:08 INFO  TasksOperations:26 - t3
2020-04-09 19:01:08 INFO  TasksOperations:26 - t3
2020-04-09 19:01:08 INFO  TasksOperations:26 - t3
2020-04-09 19:01:08 INFO  TasksOperations:26 - t3
2020-04-09 19:01:08 INFO  TasksOperations:26 - t3
2020-04-09 19:01:08 INFO  TasksOperations:26 - t3
2020-04-09 19:01:08 INFO  TasksOperations:26 - t3
2020-04-09 19:01:08 INFO  TasksOperations:26 - t3
2020-04-09 19:01:08 INFO  TasksOperations:26 - t3
2020-04-09 19:01:08 INFO  TasksOperations:26 - t3
2020-04-09 19:01:08 INFO  TasksOperations:26 - t3
2020-04-09 19:01:08 INFO  TasksOperations:26 - t3
2020-04-09 19:01:08 INFO  TasksOperations:26 - t3
2020-04-09 19:01:08 INFO  TasksOperations:26 - t3
2020-04-09 19:01:08 INFO  TasksOperations:26 - t3
2020-04-09 19:01:08 INFO  TasksOperations:26 - t3
2020-04-09 19:05:22 INFO  Main:36 - saved data reading
2020-04-09 19:05:22 INFO  Main:42 - application start
2020-04-09 19:05:23 INFO  Controller:76 - Main controller initializing
2020-04-09 19:06:32 INFO  TasksOperations:18 - Wed Apr 08 10:15:00 EEST 2020
2020-04-09 19:06:32 INFO  TasksOperations:19 - Wed Apr 08 10:20:00 EEST 2020
2020-04-09 19:13:09 INFO  Main:36 - saved data reading
2020-04-09 19:13:09 INFO  Main:42 - application start
2020-04-09 19:13:10 INFO  Controller:76 - Main controller initializing
2020-04-09 19:14:16 INFO  TasksOperations:18 - Wed Apr 08 10:15:00 EEST 2020
2020-04-09 19:14:16 INFO  TasksOperations:19 - Wed Apr 08 10:44:00 EEST 2020
2020-04-09 19:14:20 INFO  TasksOperations:26 - t3
2020-04-09 19:15:31 INFO  TasksOperations:18 - Wed Apr 08 10:15:00 EEST 2020
2020-04-09 19:15:31 INFO  TasksOperations:19 - Wed Apr 08 10:44:00 EEST 2020
2020-04-09 19:15:33 INFO  TasksOperations:26 - t3
2020-04-09 19:15:33 INFO  TasksOperations:26 - t3
2020-04-09 19:16:36 INFO  Main:36 - saved data reading
2020-04-09 19:16:36 INFO  Main:42 - application start
2020-04-09 19:16:37 INFO  Controller:76 - Main controller initializing
2020-04-09 19:16:51 INFO  TasksOperations:19 - Wed Apr 08 10:15:00 EEST 2020
2020-04-09 19:16:51 INFO  TasksOperations:20 - Wed Apr 08 10:44:00 EEST 2020
2020-04-09 19:16:51 INFO  TasksOperations:27 - t3
2020-04-09 19:16:52 INFO  TasksOperations:19 - Wed Apr 08 10:15:00 EEST 2020
2020-04-09 19:16:52 INFO  TasksOperations:20 - Wed Apr 08 10:44:00 EEST 2020
2020-04-09 19:16:52 INFO  TasksOperations:27 - t3
2020-04-09 19:16:52 INFO  TasksOperations:19 - Wed Apr 08 10:15:00 EEST 2020
2020-04-09 19:16:52 INFO  TasksOperations:20 - Wed Apr 08 10:44:00 EEST 2020
2020-04-09 19:16:52 INFO  TasksOperations:27 - t3
2020-04-09 19:16:52 INFO  TasksOperations:19 - Wed Apr 08 10:15:00 EEST 2020
2020-04-09 19:16:52 INFO  TasksOperations:20 - Wed Apr 08 10:44:00 EEST 2020
2020-04-09 19:16:52 INFO  TasksOperations:27 - t3
2020-04-09 19:16:53 INFO  TasksOperations:19 - Wed Apr 08 10:15:00 EEST 2020
2020-04-09 19:16:53 INFO  TasksOperations:20 - Wed Apr 08 10:44:00 EEST 2020
2020-04-09 19:16:53 INFO  TasksOperations:27 - t3
2020-04-09 19:16:53 INFO  TasksOperations:19 - Wed Apr 08 10:15:00 EEST 2020
2020-04-09 19:16:53 INFO  TasksOperations:20 - Wed Apr 08 10:44:00 EEST 2020
2020-04-09 19:16:53 INFO  TasksOperations:27 - t3
2020-04-09 19:16:53 INFO  TasksOperations:19 - Wed Apr 08 10:15:00 EEST 2020
2020-04-09 19:16:53 INFO  TasksOperations:20 - Wed Apr 08 10:44:00 EEST 2020
2020-04-09 19:16:53 INFO  TasksOperations:27 - t3
2020-04-09 19:16:53 INFO  TasksOperations:19 - Wed Apr 08 10:15:00 EEST 2020
2020-04-09 19:16:53 INFO  TasksOperations:20 - Wed Apr 08 10:44:00 EEST 2020
2020-04-09 19:16:53 INFO  TasksOperations:27 - t3
2020-04-09 19:16:53 INFO  TasksOperations:19 - Wed Apr 08 10:15:00 EEST 2020
2020-04-09 19:16:53 INFO  TasksOperations:20 - Wed Apr 08 10:44:00 EEST 2020
2020-04-09 19:16:53 INFO  TasksOperations:27 - t3
2020-04-09 19:16:53 INFO  TasksOperations:19 - Wed Apr 08 10:15:00 EEST 2020
2020-04-09 19:16:53 INFO  TasksOperations:20 - Wed Apr 08 10:44:00 EEST 2020
2020-04-09 19:16:53 INFO  TasksOperations:27 - t3
2020-04-09 19:16:57 INFO  TasksOperations:19 - Wed Apr 08 10:15:00 EEST 2020
2020-04-09 19:16:57 INFO  TasksOperations:20 - Wed Apr 08 10:44:00 EEST 2020
2020-04-09 19:16:57 INFO  TasksOperations:27 - t3
2020-04-09 19:17:01 INFO  TasksOperations:19 - Wed Apr 08 10:15:00 EEST 2020
2020-04-09 19:17:01 INFO  TasksOperations:20 - Wed Apr 08 10:40:00 EEST 2020
2020-04-09 19:17:01 INFO  TasksOperations:27 - t3
2020-04-09 19:17:05 INFO  TasksOperations:19 - Wed Apr 08 10:15:00 EEST 2020
2020-04-09 19:17:05 INFO  TasksOperations:20 - Wed Apr 08 10:30:00 EEST 2020
2020-04-09 20:06:28 INFO  Main:36 - saved data reading
2020-04-09 20:06:28 INFO  Main:42 - application start
2020-04-09 20:06:28 INFO  Controller:76 - Main controller initializing
2020-04-09 20:06:45 INFO  TasksOperations:19 - Wed Apr 08 10:12:00 EEST 2020
2020-04-09 20:06:45 INFO  TasksOperations:20 - Wed Apr 08 10:44:00 EEST 2020
2020-04-09 20:06:45 INFO  TasksOperations:28 - t3
2020-04-09 20:06:49 INFO  TasksOperations:19 - Wed Apr 08 10:12:00 EEST 2020
2020-04-09 20:06:49 INFO  TasksOperations:20 - Wed Apr 08 10:39:00 EEST 2020
2020-04-10 13:10:27 INFO  Main:36 - saved data reading
2020-04-10 13:10:27 INFO  Main:42 - application start
2020-04-10 13:10:28 INFO  Controller:76 - Main controller initializing
2020-04-10 13:10:48 INFO  TasksOperations:19 - Wed Apr 08 10:15:00 EEST 2020
2020-04-10 13:10:48 INFO  TasksOperations:20 - Wed Apr 08 10:44:00 EEST 2020
2020-04-10 13:10:48 INFO  TasksOperations:28 - t3
2020-04-10 13:10:51 INFO  TasksOperations:19 - Wed Apr 08 10:10:00 EEST 2020
2020-04-10 13:10:51 INFO  TasksOperations:20 - Wed Apr 08 10:44:00 EEST 2020
2020-04-10 13:10:51 INFO  TasksOperations:28 - t3
2020-04-10 13:11:00 INFO  TasksOperations:19 - Wed Apr 08 10:10:00 EEST 2020
2020-04-10 13:11:00 INFO  TasksOperations:20 - Wed Apr 08 10:39:00 EEST 2020
2020-04-10 13:11:00 INFO  TasksOperations:28 - t3
2020-04-10 13:11:03 INFO  TasksOperations:19 - Wed Apr 08 10:19:00 EEST 2020
2020-04-10 13:11:03 INFO  TasksOperations:20 - Wed Apr 08 10:39:00 EEST 2020
2020-04-30 11:58:52 ERROR Task:39 - interval < than 1
2020-04-30 19:03:58 ERROR Task:39 - interval < than 1
2020-04-30 19:03:58 ERROR Task:39 - interval < than 1
2020-04-30 19:03:58 ERROR Task:39 - interval < than 1
2020-04-30 19:03:58 ERROR Task:39 - interval < than 1
2020-04-30 19:03:58 ERROR Task:39 - interval < than 1
2020-04-30 19:03:58 ERROR Task:39 - interval < than 1
2020-04-30 19:03:58 ERROR Task:39 - interval < than 1
2020-04-30 19:03:58 ERROR Task:39 - interval < than 1
2020-04-30 19:03:58 ERROR Task:39 - interval < than 1
2020-04-30 19:04:41 ERROR Task:39 - interval < than 1
2020-04-30 19:04:41 ERROR Task:39 - interval < than 1
